<?xml version="1.0" encoding="UTF-8" standalone="no"?>
<!DOCTYPE log SYSTEM "logger.dtd">
<log>
<record>
  <date>2015-01-12T18:41:19</date>
  <millis>1421041279280</millis>
  <sequence>0</sequence>
  <logger>datapreparer.CSVDownloader</logger>
  <level>SEVERE</level>
  <class>datapreparer.CSVDownloader</class>
  <method>updateRawDataFromYahoo</method>
  <thread>1</thread>
  <message> error reading from url</message>
  <exception>
    <message>java.io.FileNotFoundException: http://ichart.finance.yahoo.com/table.csv?s=GSPC&amp;a=0&amp;b=1&amp;c=2000&amp;d=0&amp;e=12&amp;f=2015&amp;g=d&amp;ignore=.csv</message>
    <frame>
      <class>sun.net.www.protocol.http.HttpURLConnection</class>
      <method>getInputStream</method>
      <line>1624</line>
    </frame>
    <frame>
      <class>java.net.URL</class>
      <method>openStream</method>
      <line>1037</line>
    </frame>
    <frame>
      <class>datapreparer.CSVDownloader</class>
      <method>updateRawDataFromYahoo</method>
      <line>64</line>
    </frame>
    <frame>
      <class>projectspa.ProjectSPA</class>
      <method>main</method>
      <line>22</line>
    </frame>
  </exception>
</record>
</log>
